dbg>s
00000000  mov      r1, #5 (#0x5)
Result = 0x5
dbg>s
00000004  mov      r2, #21 (#0x15)
Result = 0x15
dbg>s
00000008  mov      r3, #42 (#0x2a)
Result = 0x2a
dbg>s
0000000c  mul      r4, r1, r2
Result = 105 (00000069), CC = 0
dbg>r r4
r4:00000069  
dbg>s
00000010  mla      r5, r1, r2, r3
Result = 147 (00000093), CC = 0
dbg>r r5
r5:00000093  
dbg>s
00000014  mvn      r1, #5 (#0x5)
Result = -0x5
dbg>s
00000018  mul      r4, r2, r1
Result = -105 (-0000069), CC = 0
dbg>r r4
r4:ffffff97  
dbg>s
0000001c  mla      r5, r1, r2, r3
Result = -63 (-000003f), CC = 0
dbg>s
00000020  mov      r1, #5 (#0x5)
Result = 0x5
dbg>s
00000024  mov      r2, #21 (#0x15)
Result = 0x15
dbg>s
00000028  mov      r3, #42 (#0x2a)
Result = 0x2a
dbg>s
0000002c  umull    r4, r5, r1, r2
Result = 105 (              69), CC = 0
dbg>reg
r0 :00000000  r1 :00000005  r2 :00000015  r3 :0000002a  
r4 :00000069  r5 :00000000  r6 :00000000  r7 :00000000  
r8 :00000000  r9 :00000000  r10:00000000  r11:00000000  
r12:00000000  r13:00000000  r14:00000000  
pc :00000030 apsr:00000000
dbg>s
00000030  umlal    r4, r5, r1, r2
Result = 210 (              d2), CC = 0
dbg>s
00000034  mvn      r1, #5 (#0x5)
Result = -0x5
dbg>reg
r0 :00000000  r1 :fffffffb  r2 :00000015  r3 :0000002a  
r4 :000000d2  r5 :00000000  r6 :00000000  r7 :00000000  
r8 :00000000  r9 :00000000  r10:00000000  r11:00000000  
r12:00000000  r13:00000000  r14:00000000  
pc :00000038 apsr:00000000
dbg>s
00000038  smull    r4, r5, r2, r1
Result = -105 (             -69), CC = 0
dbg>reg
r0 :00000000  r1 :fffffffb  r2 :00000015  r3 :0000002a  
r4 :ffffff97  r5 :ffffffff  r6 :00000000  r7 :00000000  
r8 :00000000  r9 :00000000  r10:00000000  r11:00000000  
r12:00000000  r13:00000000  r14:00000000  
pc :0000003c apsr:00000000
dbg>s
0000003c  smlal    r4, r5, r1, r2
Result = -210 (             -d2), CC = 0
dbg>s
00000040  mov      r1, #536870912 (#0x20000000)
Result = 0x20000000
dbg>s
00000044  mov      r2, #10 (#0xa)
Result = 0xa
dbg>s
00000048  umull    r4, r5, r1, r2
Result = 5368709120 (       140000000), CC = 0
dbg>s
0000004c  umlal    r4, r5, r2, r1
Result = 10737418240 (       280000000), CC = 0
dbg>s
00000050  mov      r1, #3758096384 (#0xe0000000)
Result = 0xe0000000
dbg>s
00000054  mov      r2, #10 (#0xa)
Result = 0xa
dbg>s
00000058  smulls   r4, r5, r2, r1
Result = 37580963840 (       8c0000000), CC = 0
dbg>s
0000005c  smlals   r4, r5, r2, r1
Result = 32212254720 (       780000000), CC = 0
dbg>s
00000060  b        0x60 ;<>
dbg>reg
r0 :00000000  r1 :e0000000  r2 :0000000a  r3 :0000002a  
r4 :80000000  r5 :00000007  r6 :00000000  r7 :00000000  
r8 :00000000  r9 :00000000  r10:00000000  r11:00000000  
r12:00000000  r13:00000000  r14:00000000  
pc :00000060 apsr:00000000
dbg>q
Exiting
