dbg>s
00000000  b        0x8098
dbg>s
00008098  mov      sp, #32768 (0x8000)
Result = 00008000, CC = 00000000
dbg>s
0000809c  mov      r0, #16 (0x10)
Result = 00000010, CC = 00000000
dbg>s
000080a0  mov      r1, #1 (0x1)
Result = 00000001, CC = 00000000
dbg>s
000080a4  bl       0x8008
dbg>b 8054
break 00008054
dbg>b 8090
break 00008090
dbg>g
go []
00008008  cmp      r0, #53 (0x35)
Result = -0000025, CC = 80000000
0000800c  cmpls    r1, #7 (0x7)
Result = -0000006, CC = 80000000
00008010  movhi    pc, lr
Instruction ignored. 
00008014  push     {lr}
Stored = 000080a8 into 00007ffc
00008018  mov      r2, r0
TBD lsl 0 unimplemented
Result = 00000010, CC = 00000000
0000801c  bl       0x8000
00008000  ldr      r0,[pc+140]
Loaded = 20200000 from 00008094
00008004  mov      pc, lr
TBD lsl 0 unimplemented
Result = 00008020, CC = 00000000
00008020  cmp      r2, #9 (0x9)
Result = 00000007, CC = 20000000
00008024  subhi    r2, r2, #10 (0xa)
Result = 00000006, CC = 00000000
00008028  addhi    r0, r0, #4 (0x4)
Instruction ignored. 
0000802c  bhi      0x8020
Instruction ignored. 
00008030  add      r2, r2, r2 lsl 1
Result = 00000012, CC = 00000000
00008034  mov      r1, r1 lsl by r2
Result = 00040000, CC = 00000000
00008038  mov      r3, #7 (0x7)
Result = 00000007, CC = 00000000
0000803c  mov      r3, r3 lsl by r2
Result = 001c0000, CC = 00000000
00008040  mvn      r3, r3
TBD lsl 0 unimplemented
Result = ffe3ffff, CC = 00000000
00008044  ldr      r2,[r0]
Reading 4 bytes from high address 20200000
Enter the hex value expected (use '-' if needed) >Select GPIO pin 6
Loaded = 00040000 from 20200000
00008048  and      r2, r2, r3
TBD lsl 0 unimplemented
Result = 00000000, CC = 00000000
0000804c  orr      r1, r1, r2
TBD lsl 0 unimplemented
Result = 00040000, CC = 00000000
00008050  str      r1,[r0]
Writing 4 bytes to high address 20200000
Select GPIO pin 6
Stored = 00040000 into 20200000
Breakpoint hit at 00008054
dbg>r pc
pc:00008054
dbg>r sp
sp:00007ffc  
dbg>d 7ffc
00007ffc 000080a8  andeq    r8, r0, r8 lsr #1
dbg>s
00008054  pop      {pc}
Loaded = 000080a8 from 00007ffc
dbg>s
000080a8  mov      r0, #16 (0x10)
Result = 00000010, CC = 00000000
dbg>s
000080ac  mov      r1, #0 (0x0)
Result = 00000000, CC = 00000000
dbg>s
000080b0  bl       0x8058
dbg>s
00008058  cmp      r0, #53 (0x35)
Result = -0000025, CC = 80000000
dbg>s
0000805c  movhi    pc, lr
Instruction ignored. 
dbg>s
00008060  push     {lr}
Stored = 000080b4 into 00007ffc
dbg>s
00008064  mov      r2, r0
TBD lsl 0 unimplemented
Result = 00000010, CC = 00000000
dbg>s
00008068  bl       0x8000
dbg>s
00008000  ldr      r0,[pc+140]
Loaded = 20200000 from 00008094
dbg>s
00008004  mov      pc, lr
TBD lsl 0 unimplemented
Result = 0000806c, CC = 00000000
dbg>s
0000806c  mov      r3, r2 lsr #5
Result = 00000000, CC = 00000000
dbg>s
00008070  mov      r3, r3 lsl 2
Result = 00000000, CC = 00000000
dbg>s
00008074  add      r0, r0, r3
TBD lsl 0 unimplemented
Result = 20200000, CC = 00000000
dbg>s
00008078  and      r2, r2, #31 (0x1f)
Result = 00000010, CC = 00000000
dbg>s
0000807c  mov      r3, #1 (0x1)
Result = 00000001, CC = 00000000
dbg>s
00008080  mov      r3, r3 lsl by r2
Result = 00010000, CC = 00000000
dbg>s
00008084  teq      r1, #0 (0x0)
Result = 00000000, CC = 40000000
dbg>s
00008088  streq    r3,[r0+40]
Writing 4 bytes to high address 20200028
Pin number 16 is off (led on)

Stored = 00010000 into 20200028
dbg>s
0000808c  strne    r3,[r0+28]
Instruction ignored. 
dbg>s
00008090  pop      {pc}
Loaded = 000080b4 from 00007ffc
dbg>s
000080b4  mov      r0, #4128768 (0x3f0000)
Result = 003f0000, CC = 00000000
dbg>s
000080b8  sub      r0, r0, #1 (0x1)
Result = 003effff, CC = 00000000
dbg>s
000080bc  teq      r0, #0 (0x0)
Result = 003effff, CC = 00000000
dbg>s
000080c0  bne      0x80b8
dbg>w r0 1
Write reg r0 value =1
dbg>s
000080b8  sub      r0, r0, #1 (0x1)
Result = 00000000, CC = 00000000
dbg>s
000080bc  teq      r0, #0 (0x0)
Result = 00000000, CC = 40000000
dbg>s
000080c0  bne      0x80b8
Instruction ignored. 
dbg>s
000080c4  mov      r0, #16 (0x10)
Result = 00000010, CC = 00000000
dbg>s
000080c8  mov      r1, #1 (0x1)
Result = 00000001, CC = 00000000
dbg>s
000080cc  bl       0x8058
dbg>s
00008058  cmp      r0, #53 (0x35)
Result = -0000025, CC = 80000000
dbg>s
0000805c  movhi    pc, lr
Instruction ignored. 
dbg>s
00008060  push     {lr}
Stored = 000080d0 into 00007ffc
dbg>s
00008064  mov      r2, r0
TBD lsl 0 unimplemented
Result = 00000010, CC = 00000000
dbg>s
00008068  bl       0x8000
dbg>s
00008000  ldr      r0,[pc+140]
Loaded = 20200000 from 00008094
dbg>s
00008004  mov      pc, lr
TBD lsl 0 unimplemented
Result = 0000806c, CC = 00000000
dbg>s
0000806c  mov      r3, r2 lsr #5
Result = 00000000, CC = 00000000
dbg>s
00008070  mov      r3, r3 lsl 2
Result = 00000000, CC = 00000000
dbg>s
00008074  add      r0, r0, r3
TBD lsl 0 unimplemented
Result = 20200000, CC = 00000000
dbg>s
00008078  and      r2, r2, #31 (0x1f)
Result = 00000010, CC = 00000000
dbg>s
0000807c  mov      r3, #1 (0x1)
Result = 00000001, CC = 00000000
dbg>s
00008080  mov      r3, r3 lsl by r2
Result = 00010000, CC = 00000000
dbg>s
00008084  teq      r1, #0 (0x0)
Result = 00000001, CC = 00000000
dbg>s
00008088  streq    r3,[r0+40]
Instruction ignored. 
dbg>s
0000808c  strne    r3,[r0+28]
Writing 4 bytes to high address 2020001c
Pin number 16 is on (led off)

Stored = 00010000 into 2020001c
dbg>s
00008090  pop      {pc}
Loaded = 000080d0 from 00007ffc
dbg>s
000080d0  mov      r0, #4128768 (0x3f0000)
Result = 003f0000, CC = 00000000
dbg>s
000080d4  sub      r0, r0, #1 (0x1)
Result = 003effff, CC = 00000000
dbg>s
000080d8  teq      r0, #0 (0x0)
Result = 003effff, CC = 00000000
dbg>w r0 1
Write reg r0 value =1
dbg>s
000080dc  bne      0x80d4
dbg>s
000080d4  sub      r0, r0, #1 (0x1)
Result = 00000000, CC = 00000000
dbg>s
000080d8  teq      r0, #0 (0x0)
Result = 00000000, CC = 40000000
dbg>s
000080dc  bne      0x80d4
Instruction ignored. 
dbg>s
000080e0  b        0x80a8
dbg>s
000080a8  mov      r0, #16 (0x10)
Result = 00000010, CC = 00000000
dbg>reg
r0 :00000010  r1 :00000001  r2 :00000010  r3 :00010000  
r4 :00000000  r5 :00000000  r6 :00000000  r7 :00000000  
r8 :00000000  r9 :00000000  r10:00000000  r11:00000000  
r12:00000000  r13:00008000  r14:0000806c  
pc:000080ac
dbg>d 20200000 20200020
High memory
20200000 : 00040000
2020001c : 00010000
dbg>>
